Build started 12.02.2017 23:12:21.
     1>Project "C:\Users\MGNeo\Desktop\GeneticPerceptron\GeneticPerceptron\GeneticPerceptron\GeneticPerceptron.vcxproj" on node 2 (Build target(s)).
     1>ClCompile:
         C:\Program Files (x86)\Microsoft Visual Studio 12.0\VC\bin\x86_amd64\CL.exe /c /Zi /nologo /W3 /WX- /O2 /Ob2 /Oi /Ot /GL /D WIN32 /D NDEBUG /D _CONSOLE /D _LIB /D _UNICODE /D UNICODE /Gm- /EHsc /MD /GS /Gy /fp:precise /Zc:wchar_t /Zc:forScope /Yc"stdafx.h" /Fp"x64\Release\GeneticPerceptron.pch" /Fo"x64\Release\\" /Fd"x64\Release\vc120.pdb" /Gd /TP /errorReport:prompt stdafx.cpp
         stdafx.cpp
     1>c:\users\mgneo\desktop\geneticperceptron\geneticperceptron\geneticperceptron\GP.h(43): warning C4114: same type qualifier used more than once
         C:\Program Files (x86)\Microsoft Visual Studio 12.0\VC\bin\x86_amd64\CL.exe /c /Zi /nologo /W3 /WX- /O2 /Ob2 /Oi /Ot /GL /D WIN32 /D NDEBUG /D _CONSOLE /D _LIB /D _UNICODE /D UNICODE /Gm- /EHsc /MD /GS /Gy /fp:precise /Zc:wchar_t /Zc:forScope /Yu"stdafx.h" /Fp"x64\Release\GeneticPerceptron.pch" /Fo"x64\Release\\" /Fd"x64\Release\vc120.pdb" /Gd /TP /errorReport:prompt GP.cpp GeneticPerceptron.cpp
         GP.cpp
     1>GP.cpp(272): warning C4267: 'argument' : conversion from 'size_t' to 'DWORD', possible loss of data
     1>GP.cpp(309): warning C4267: 'argument' : conversion from 'size_t' to 'DWORD', possible loss of data
     1>GP.cpp(488): warning C4244: 'initializing' : conversion from 'const double' to 'size_t', possible loss of data
     1>GP.cpp(496): warning C4244: 'argument' : conversion from 'const double' to 'size_t', possible loss of data
     1>GP.cpp(535): warning C4244: 'argument' : conversion from 'const double' to 'size_t', possible loss of data
     1>GP.cpp(661): warning C4114: same type qualifier used more than once
     1>GP.cpp(723): warning C4244: 'return' : conversion from 'const size_t' to 'const double', possible loss of data
     1>GP.cpp(723): warning C4172: returning address of local variable or temporary
     1>GP.cpp(728): warning C4244: 'return' : conversion from 'const size_t' to 'const double', possible loss of data
     1>GP.cpp(728): warning C4172: returning address of local variable or temporary
     1>GP.cpp(768): warning C4101: 'startParent' : unreferenced local variable
     1>GP.cpp(769): warning C4101: 'finishParent' : unreferenced local variable
         GeneticPerceptron.cpp
       Link:
         C:\Program Files (x86)\Microsoft Visual Studio 12.0\VC\bin\x86_amd64\link.exe /ERRORREPORT:PROMPT /OUT:"C:\Users\MGNeo\Desktop\GeneticPerceptron\GeneticPerceptron\x64\Release\GeneticPerceptron.exe" /INCREMENTAL:NO /NOLOGO kernel32.lib user32.lib gdi32.lib winspool.lib comdlg32.lib advapi32.lib shell32.lib ole32.lib oleaut32.lib uuid.lib odbc32.lib odbccp32.lib /MANIFEST /MANIFESTUAC:"level='asInvoker' uiAccess='false'" /manifest:embed /DEBUG /PDB:"C:\Users\MGNeo\Desktop\GeneticPerceptron\GeneticPerceptron\x64\Release\GeneticPerceptron.pdb" /SUBSYSTEM:CONSOLE /OPT:REF /OPT:ICF /LTCG /TLBID:1 /DYNAMICBASE /NXCOMPAT /IMPLIB:"C:\Users\MGNeo\Desktop\GeneticPerceptron\GeneticPerceptron\x64\Release\GeneticPerceptron.lib" /MACHINE:X64 x64\Release\GeneticPerceptron.obj
         x64\Release\GP.obj
         x64\Release\stdafx.obj
         Generating code
         Finished generating code
         GeneticPerceptron.vcxproj -> C:\Users\MGNeo\Desktop\GeneticPerceptron\GeneticPerceptron\x64\Release\GeneticPerceptron.exe
     1>Done Building Project "C:\Users\MGNeo\Desktop\GeneticPerceptron\GeneticPerceptron\GeneticPerceptron\GeneticPerceptron.vcxproj" (Build target(s)).

Build succeeded.

Time Elapsed 00:00:02.51
